# JRE version: OpenJDK Runtime Environment (17.0.9) (build 17.0.9+0--11185874)
# Java VM: OpenJDK 64-Bit Server VM (17.0.9+0--11185874, mixed mode, tiered, compressed oops, compressed class ptrs, g1 gc, windows-amd64)
GC Precious Log:
 CPUs: 8 total, 8 available
 Memory: 8029M
 Large Page Support: Disabled
 NUMA Support: Disabled
 Compressed Oops: Enabled (Zero based)
 Heap Region Size: 2M
 Heap Min Capacity: 8M
 Heap Initial Capacity: 126M
 Heap Max Capacity: 4G
 Pre-touch: Disabled
 Parallel Workers: 8
 Concurrent Workers: 2
 Concurrent Refinement Workers: 8
 Periodic GC: Disabled
Heap:
 garbage-first heap   total 440320K, used 231680K [0x0000000700000000, 0x0000000800000000)
  region size 2048K, 6 young (12288K), 6 survivors (12288K)
 Metaspace       used 148800K, committed 149952K, reserved 1179648K
  class space    used 19955K, committed 20480K, reserved 1048576K
GC Heap History (20 events):
Event: 70.565 GC heap after
{Heap after GC invocations=64 (full 0):
 garbage-first heap   total 438272K, used 122803K [0x0000000700000000, 0x0000000800000000)
  region size 2048K, 3 young (6144K), 3 survivors (6144K)
 Metaspace       used 107156K, committed 108096K, reserved 1179648K
  class space    used 14641K, committed 15040K, reserved 1048576K
}
Event: 72.919 GC heap before
{Heap before GC invocations=64 (full 0):
 garbage-first heap   total 438272K, used 278451K [0x0000000700000000, 0x0000000800000000)
  region size 2048K, 50 young (102400K), 3 survivors (6144K)
 Metaspace       used 114855K, committed 115904K, reserved 1179648K
  class space    used 15401K, committed 15872K, reserved 1048576K
}
Event: 72.931 GC heap after
{Heap after GC invocations=65 (full 0):
 garbage-first heap   total 438272K, used 189414K [0x0000000700000000, 0x0000000800000000)
  region size 2048K, 4 young (8192K), 4 survivors (8192K)
 Metaspace       used 114855K, committed 115904K, reserved 1179648K
  class space    used 15401K, committed 15872K, reserved 1048576K
}
Event: 72.981 GC heap before
{Heap before GC invocations=65 (full 0):
 garbage-first heap   total 438272K, used 191462K [0x0000000700000000, 0x0000000800000000)
  region size 2048K, 5 young (10240K), 4 survivors (8192K)
 Metaspace       used 114857K, committed 115904K, reserved 1179648K
  class space    used 15401K, committed 15872K, reserved 1048576K
}
Event: 72.988 GC heap after
{Heap after GC invocations=66 (full 0):
 garbage-first heap   total 438272K, used 191583K [0x0000000700000000, 0x0000000800000000)
  region size 2048K, 4 young (8192K), 4 survivors (8192K)
 Metaspace       used 114857K, committed 115904K, reserved 1179648K
  class space    used 15401K, committed 15872K, reserved 1048576K
}
Event: 73.076 GC heap before
{Heap before GC invocations=66 (full 0):
 garbage-first heap   total 438272K, used 201823K [0x0000000700000000, 0x0000000800000000)
  region size 2048K, 5 young (10240K), 4 survivors (8192K)
 Metaspace       used 114863K, committed 115904K, reserved 1179648K
  class space    used 15401K, committed 15872K, reserved 1048576K
}
Event: 73.084 GC heap after
{Heap after GC invocations=67 (full 0):
 garbage-first heap   total 438272K, used 202479K [0x0000000700000000, 0x0000000800000000)
  region size 2048K, 5 young (10240K), 5 survivors (10240K)
 Metaspace       used 114863K, committed 115904K, reserved 1179648K
  class space    used 15401K, committed 15872K, reserved 1048576K
}
Event: 83.463 GC heap before
{Heap before GC invocations=68 (full 0):
 garbage-first heap   total 440320K, used 409327K [0x0000000700000000, 0x0000000800000000)
  region size 2048K, 80 young (163840K), 5 survivors (10240K)
 Metaspace       used 129787K, committed 130752K, reserved 1179648K
  class space    used 17360K, committed 17792K, reserved 1048576K
}
Event: 83.490 GC heap after
{Heap after GC invocations=69 (full 0):
 garbage-first heap   total 440320K, used 145598K [0x0000000700000000, 0x0000000800000000)
  region size 2048K, 11 young (22528K), 11 survivors (22528K)
 Metaspace       used 129787K, committed 130752K, reserved 1179648K
  class space    used 17360K, committed 17792K, reserved 1048576K
}
Event: 83.520 GC heap before
{Heap before GC invocations=69 (full 0):
 garbage-first heap   total 440320K, used 147646K [0x0000000700000000, 0x0000000800000000)
  region size 2048K, 12 young (24576K), 11 survivors (22528K)
 Metaspace       used 130127K, committed 131136K, reserved 1179648K
  class space    used 17420K, committed 17856K, reserved 1048576K
}
Event: 83.536 GC heap after
{Heap after GC invocations=70 (full 0):
 garbage-first heap   total 440320K, used 142966K [0x0000000700000000, 0x0000000800000000)
  region size 2048K, 2 young (4096K), 2 survivors (4096K)
 Metaspace       used 130127K, committed 131136K, reserved 1179648K
  class space    used 17420K, committed 17856K, reserved 1048576K
}
Event: 85.674 GC heap before
{Heap before GC invocations=70 (full 0):
 garbage-first heap   total 440320K, used 364150K [0x0000000700000000, 0x0000000800000000)
  region size 2048K, 97 young (198656K), 2 survivors (4096K)
 Metaspace       used 139626K, committed 140736K, reserved 1179648K
  class space    used 18737K, committed 19264K, reserved 1048576K
}
Event: 85.698 GC heap after
{Heap after GC invocations=71 (full 0):
 garbage-first heap   total 440320K, used 188787K [0x0000000700000000, 0x0000000800000000)
  region size 2048K, 13 young (26624K), 13 survivors (26624K)
 Metaspace       used 139626K, committed 140736K, reserved 1179648K
  class space    used 18737K, committed 19264K, reserved 1048576K
}
Event: 86.895 GC heap before
{Heap before GC invocations=71 (full 0):
 garbage-first heap   total 440320K, used 311667K [0x0000000700000000, 0x0000000800000000)
  region size 2048K, 75 young (153600K), 13 survivors (26624K)
 Metaspace       used 142146K, committed 143232K, reserved 1179648K
  class space    used 19076K, committed 19584K, reserved 1048576K
}
Event: 86.941 GC heap after
{Heap after GC invocations=72 (full 0):
 garbage-first heap   total 440320K, used 210887K [0x0000000700000000, 0x0000000800000000)
  region size 2048K, 12 young (24576K), 12 survivors (24576K)
 Metaspace       used 142146K, committed 143232K, reserved 1179648K
  class space    used 19076K, committed 19584K, reserved 1048576K
}
Event: 89.117 GC heap before
{Heap before GC invocations=73 (full 0):
 garbage-first heap   total 440320K, used 339911K [0x0000000700000000, 0x0000000800000000)
  region size 2048K, 73 young (149504K), 12 survivors (24576K)
 Metaspace       used 144547K, committed 145600K, reserved 1179648K
  class space    used 19380K, committed 19904K, reserved 1048576K
}
Event: 89.189 GC heap after
{Heap after GC invocations=74 (full 0):
 garbage-first heap   total 440320K, used 224961K [0x0000000700000000, 0x0000000800000000)
  region size 2048K, 7 young (14336K), 7 survivors (14336K)
 Metaspace       used 144547K, committed 145600K, reserved 1179648K
  class space    used 19380K, committed 19904K, reserved 1048576K
}
Event: 89.258 GC heap before
{Heap before GC invocations=74 (full 0):
 garbage-first heap   total 440320K, used 231105K [0x0000000700000000, 0x0000000800000000)
  region size 2048K, 10 young (20480K), 7 survivors (14336K)
 Metaspace       used 144586K, committed 145664K, reserved 1179648K
  class space    used 19386K, committed 19904K, reserved 1048576K
}
Event: 89.300 GC heap after
{Heap after GC invocations=75 (full 0):
 garbage-first heap   total 440320K, used 222400K [0x0000000700000000, 0x0000000800000000)
  region size 2048K, 2 young (4096K), 2 survivors (4096K)
 Metaspace       used 144586K, committed 145664K, reserved 1179648K
  class space    used 19386K, committed 19904K, reserved 1048576K
}
Event: 104.926 GC heap before
{Heap before GC invocations=75 (full 0):
 garbage-first heap   total 440320K, used 357568K [0x0000000700000000, 0x0000000800000000)
  region size 2048K, 59 young (120832K), 2 survivors (4096K)
 Metaspace       used 148800K, committed 149952K, reserved 1179648K
  class space    used 19955K, committed 20480K, reserved 1048576K
}

